2023-09-14 15:08:45-log: [Package] menu@1.0.0 enable
2023-09-14 15:08:45-log: [Package] profile@1.0.0 enable
2023-09-14 15:08:45-log: [Package] project@1.0.1 enable
2023-09-14 15:08:45-log: [Package] messages@1.0.0 enable
2023-09-14 15:08:45-log: [Package] program@1.0.0 enable
2023-09-14 15:08:45-log: [Package] device@1.0.1 enable
2023-09-14 15:08:45-log: [Package] ui-kit@1.0.1 enable
2023-09-14 15:08:45-log: [Package] tester@1.0.0 enable
2023-09-14 15:08:45-log: [Package] preferences@1.0.0 enable
2023-09-14 15:08:45-log: Setup mods mgr.: 270.908ms
2023-09-14 15:08:45-log: Profile changed: engine (modules.includeModules: 2d,audio,base,dragon-bones,gfx-webgl,gfx-webgl2,intersection-2d,marionette,particle-2d,physics-2d-box2d,profiler,spine,tiled-map,tween,ui,video,webview)
2023-09-14 15:08:45-log: [Package] engine@1.0.5 enable
2023-09-14 15:08:48-log: [Package] programming@1.0.0 enable
2023-09-14 15:08:48-log: [Package] engine-extends@1.0.0 enable
2023-09-14 15:08:48-log: [Package] asset-db@1.0.0 enable
2023-09-14 15:08:48-log: [Package] console@1.0.0 enable
2023-09-14 15:08:48-log: [Package] scene@1.0.0 enable
2023-09-14 15:08:48-log: [Package] about@1.0.0 enable
2023-09-14 15:08:49-log: [Package] server@1.0.0 enable
2023-09-14 15:08:49-log: [Package] utils@1.0.0 enable
2023-09-14 15:08:49-log: [Package] assets@1.0.0 enable
2023-09-14 15:08:50-log: [Package] preview@1.0.1 enable
2023-09-14 15:08:50-log: [Package] animator@1.0.0 enable
2023-09-14 15:08:51-log: [Package] builder@1.3.1 enable
2023-09-14 15:08:51-log: [Package] node-library@1.0.0 enable
2023-09-14 15:08:51-log: [Package] shortcuts@1.0.1 enable
2023-09-14 15:08:51-log: [Package] package-asset@1.0.0 enable
2023-09-14 15:08:51-log: [Package] reference-image@1.0.0 enable
2023-09-14 15:08:51-log: [Package] animation-graph@1.0.0 enable
2023-09-14 15:08:51-log: [Package] channel-upload-tools@1.0.0 enable
2023-09-14 15:08:51-log: [Package] runtime-dev-tools@1.0.0 enable
2023-09-14 15:08:51-log: [Package] lightmap@1.0.4 enable
2023-09-14 15:08:51-log: [Package] alipay-mini-game@1.0.0 enable
2023-09-14 15:08:51-log: [Package] android@1.0.0 enable
2023-09-14 15:08:51-log: [Package] baidu-mini-game@1.0.0 enable
2023-09-14 15:08:51-log: [Package] bytedance-mini-game@1.0.1 enable
2023-09-14 15:08:51-log: [Package] huawei-agc@1.0.0 enable
2023-09-14 15:08:55-log: [Package] ios@1.0.0 enable
2023-09-14 15:08:55-log: [Package] ios-app-clip@1.0.0 enable
2023-09-14 15:08:55-log: [Package] mac@1.0.0 enable
2023-09-14 15:08:55-log: [Package] native@1.0.0 enable
2023-09-14 15:08:55-log: [Package] ohos@1.0.0 enable
2023-09-14 15:08:55-log: [Package] web-desktop@1.0.0 enable
2023-09-14 15:08:55-log: [Package] web-mobile@1.0.0 enable
2023-09-14 15:08:55-log: [Package] wechatgame@1.0.1 enable
2023-09-14 15:08:55-log: [Package] windows@1.0.0 enable
2023-09-14 15:08:55-log: [Package] xiaomi-quick-game@1.0.0 enable
2023-09-14 15:08:55-log: [Package] cocos-play@1.0.0 enable
2023-09-14 15:08:55-log: [Package] huawei-quick-game@1.0.0 enable
2023-09-14 15:08:55-log: [Package] link-sure@1.0.0 enable
2023-09-14 15:08:55-log: [Package] oppo-mini-game@1.0.0 enable
2023-09-14 15:08:55-log: [Package] qtt@1.0.0 enable
2023-09-14 15:08:55-log: [Package] vivo-mini-game@1.0.0 enable
2023-09-14 15:08:55-log: [Package] cocos-service@3.0.2 enable
2023-09-14 15:08:55-log: [Package] importer@1.0.0 enable
2023-09-14 15:08:56-log: [Package] extension@3.0.15 enable
2023-09-14 15:08:56-log: [Im-plugin] Check im-plugin version.
2023-09-14 15:08:56-log: [Package] im-plugin@3.0.8 enable
2023-09-14 15:08:56-log: loaded validation
2023-09-14 15:08:56-log: [Package] check-non-retina@1.0.0 enable
2023-09-14 15:08:56-log: loaded
2023-09-14 15:08:56-log: [Package] cerate-non-retina@1.0.0 enable
2023-09-14 15:08:56-log: loaded
2023-09-14 15:08:56-log: [Package] cerate-retina@1.0.0 enable
2023-09-14 15:08:56-warn: Browserslist: caniuse-lite is outdated. Please run:
npx browserslist@latest --update-db

Why you should do it regularly:
https://github.com/browserslist/browserslist#browsers-data-updating
2023-09-14 15:08:57-log: [Scene] Cocos Creator v3.4.2
2023-09-14 15:08:57-info: [Scene] Forward render pipeline initialized.
2023-09-14 15:08:59-log: [Im-plugin] No online info of im-plugin.
2023-09-14 15:43:33-warn: [Scene] Reference "0" of "Layout" to external scene object "Canvas" can not be saved in prefab asset.
2023-09-14 15:43:33-warn: [Scene] Reference "0" of "Layout" to external scene object "Canvas" can not be saved in prefab asset.
2023-09-14 15:43:33-warn: [Scene] Reference "0" of "Layout" to external scene object "Canvas" can not be saved in prefab asset.
2023-09-14 15:43:33-warn: [Scene] Reference "0" of "Layout" to external scene object "Canvas" can not be saved in prefab asset.
2023-09-14 15:43:33-warn: [Scene] Reference "0" of "Layout" to external scene object "Canvas" can not be saved in prefab asset.
2023-09-14 15:43:33-warn: [Scene] Reference "0" of "Layout" to external scene object "Canvas" can not be saved in prefab asset.
2023-09-14 15:43:33-warn: [Scene] Reference "0" of "Layout" to external scene object "Canvas" can not be saved in prefab asset.
2023-09-14 15:43:33-warn: [Scene] Reference "0" of "Layout" to external scene object "Canvas" can not be saved in prefab asset.
2023-09-14 15:43:33-warn: [Scene] Reference "0" of "Layout" to external scene object "Canvas" can not be saved in prefab asset.
2023-09-14 15:47:30-error: [Preview]Uncaught TypeError: The thing you want to instantiate is nil in http://localhost:7456/scripting/engine/bin/.cache/dev/preview/bundled/index.js
2023-09-14 15:52:35-error: [Preview]Uncaught TypeError: Cannot read properties of null (reading 'position') in http://localhost:7456/scripting/x/mods/fs/0/assets/script/UIHandler.js
2023-09-14 16:05:48-error: [Preview]Uncaught TypeError: Cannot read properties of null (reading 'indexOf') in http://localhost:7456/scripting/x/mods/fs/0/assets/script/GameController.js
2023-09-14 16:08:06-error: [Preview]Uncaught TypeError: Cannot read properties of null (reading 'indexOf') in http://localhost:7456/scripting/x/mods/fs/0/assets/script/GameController.js
2023-09-14 16:09:15-error: [Preview]Uncaught TypeError: Cannot read properties of null (reading 'indexOf') in http://localhost:7456/scripting/x/mods/fs/0/assets/script/GameController.js
2023-09-14 16:10:53-error: [Preview]Uncaught TypeError: Cannot read properties of null (reading 'player') in http://localhost:7456/scripting/x/mods/fs/0/assets/script/GameController.js
2023-09-14 16:11:14-error: [Preview]Uncaught TypeError: Cannot read properties of null (reading 'player') in http://localhost:7456/scripting/x/mods/fs/0/assets/script/GameController.js
2023-09-14 16:11:54-error: [Preview]Uncaught TypeError: Cannot read properties of null (reading 'player') in http://localhost:7456/scripting/x/mods/fs/0/assets/script/GameController.js
2023-09-14 16:13:50-error: [Preview]Uncaught TypeError: Cannot read properties of null (reading 'player') in http://localhost:7456/scripting/x/mods/fs/0/assets/script/GameController.js
2023-09-14 16:26:20-error: [Preview]Uncaught TypeError: Cannot read properties of null (reading 'getComponent') in http://localhost:7456/scripting/x/mods/fs/0/assets/script/GameController.js
2023-09-14 17:50:18-warn: [Build] Browserslist: caniuse-lite is outdated. Please run:
npx browserslist@latest --update-db
2023-09-14 17:50:19-warn: [Build] Browserslist: caniuse-lite is outdated. Please run:
npx browserslist@latest --update-db

Why you should do it regularly:
https://github.com/browserslist/browserslist#browsers-data-updating
2023-09-14 17:50:36-warn: [Build] [[Build.Script.Rollup]] Circular dependency: file:///Users/ankitkumar/development/DotGame/assets/script/GameController.ts -> file:///Users/ankitkumar/development/DotGame/assets/script/UIHandler.ts -> file:///Users/ankitkumar/development/DotGame/assets/script/GameController.ts
2023-09-14 18:07:48-error: [Preview]Uncaught TypeError: Cannot read properties of undefined (reading 'end_index') in http://localhost:7456/scripting/x/mods/fs/0/assets/script/UIHandler.js
2023-09-14 18:28:23-warn: [Build] [[Build.Script.Rollup]] Circular dependency: file:///Users/ankitkumar/development/DotGame/assets/script/GameController.ts -> file:///Users/ankitkumar/development/DotGame/assets/script/UIHandler.ts -> file:///Users/ankitkumar/development/DotGame/assets/script/GameController.ts
2023-09-14 18:29:59-warn: [Build] [[Build.Script.Rollup]] Circular dependency: file:///Users/ankitkumar/development/DotGame/assets/script/GameController.ts -> file:///Users/ankitkumar/development/DotGame/assets/script/UIHandler.ts -> file:///Users/ankitkumar/development/DotGame/assets/script/GameController.ts
2023-09-14 18:34:04-warn: [Build] [[Build.Script.Rollup]] Circular dependency: file:///Users/ankitkumar/development/DotGame/assets/script/GameController.ts -> file:///Users/ankitkumar/development/DotGame/assets/script/UIHandler.ts -> file:///Users/ankitkumar/development/DotGame/assets/script/GameController.ts
